2020-03-29 14:41:32,353:INFO main (StartupInfoLogger.java:50) - Starting PocketmedicalApplication on zdh with PID 78231 (/Users/hunter/IdeaProjects/pocketmedical/target/classes started by hunter in /Users/hunter/IdeaProjects/pocketmedical)
2020-03-29 14:41:32,362:INFO main (SpringApplication.java:652) - The following profiles are active: local
2020-03-29 14:41:32,848:WARN main (ClassPathMapperScanner.java:166) - No MyBatis mapper was found in '[com.usongon.pocketmedical.config, com.usongon.pocketmedical]' package. Please check your configuration.
2020-03-29 14:41:33,094:INFO main (PostProcessorRegistrationDelegate.java:330) - Bean 'org.springframework.transaction.annotation.ProxyTransactionManagementConfiguration' of type [org.springframework.transaction.annotation.ProxyTransactionManagementConfiguration$$EnhancerBySpringCGLIB$$fc70c475] is not eligible for getting processed by all BeanPostProcessors (for example: not eligible for auto-proxying)
2020-03-29 14:41:33,309:INFO main (TomcatWebServer.java:90) - Tomcat initialized with port(s): 16666 (http)
2020-03-29 14:41:33,322:INFO main (DirectJDKLog.java:173) - Initializing ProtocolHandler ["http-nio-16666"]
2020-03-29 14:41:33,330:INFO main (DirectJDKLog.java:173) - Starting service [Tomcat]
2020-03-29 14:41:33,330:INFO main (DirectJDKLog.java:173) - Starting Servlet engine: [Apache Tomcat/9.0.26]
2020-03-29 14:41:33,416:INFO main (DirectJDKLog.java:173) - Initializing Spring embedded WebApplicationContext
2020-03-29 14:41:33,417:INFO main (ServletWebServerApplicationContext.java:284) - Root WebApplicationContext: initialization completed in 1014 ms
2020-03-29 14:41:33,830:INFO main (ExecutorConfigurationSupport.java:171) - Initializing ExecutorService 'applicationTaskExecutor'
2020-03-29 14:41:34,185:INFO main (DirectJDKLog.java:173) - Starting ProtocolHandler ["http-nio-16666"]
2020-03-29 14:41:34,210:INFO main (TomcatWebServer.java:202) - Tomcat started on port(s): 16666 (http) with context path ''
2020-03-29 14:41:34,213:INFO main (StartupInfoLogger.java:59) - Started PocketmedicalApplication in 2.495 seconds (JVM running for 3.752)
2020-03-29 14:41:37,373:INFO Thread-4 (ExecutorConfigurationSupport.java:208) - Shutting down ExecutorService 'applicationTaskExecutor'
2020-03-29 14:52:54,479:INFO main (StartupInfoLogger.java:50) - Starting PocketmedicalApplication on zdh with PID 80469 (/Users/hunter/IdeaProjects/pocketmedical/target/classes started by hunter in /Users/hunter/IdeaProjects/pocketmedical)
2020-03-29 14:52:54,484:INFO main (SpringApplication.java:652) - The following profiles are active: local
2020-03-29 14:52:55,297:INFO main (PostProcessorRegistrationDelegate.java:330) - Bean 'org.springframework.transaction.annotation.ProxyTransactionManagementConfiguration' of type [org.springframework.transaction.annotation.ProxyTransactionManagementConfiguration$$EnhancerBySpringCGLIB$$7a150a90] is not eligible for getting processed by all BeanPostProcessors (for example: not eligible for auto-proxying)
2020-03-29 14:52:55,471:INFO main (TomcatWebServer.java:90) - Tomcat initialized with port(s): 16666 (http)
2020-03-29 14:52:55,481:INFO main (DirectJDKLog.java:173) - Initializing ProtocolHandler ["http-nio-16666"]
2020-03-29 14:52:55,496:INFO main (DirectJDKLog.java:173) - Starting service [Tomcat]
2020-03-29 14:52:55,496:INFO main (DirectJDKLog.java:173) - Starting Servlet engine: [Apache Tomcat/9.0.26]
2020-03-29 14:52:55,563:INFO main (DirectJDKLog.java:173) - Initializing Spring embedded WebApplicationContext
2020-03-29 14:52:55,564:INFO main (ServletWebServerApplicationContext.java:284) - Root WebApplicationContext: initialization completed in 1053 ms
2020-03-29 14:52:56,150:INFO main (ExecutorConfigurationSupport.java:171) - Initializing ExecutorService 'applicationTaskExecutor'
2020-03-29 14:52:56,366:INFO main (DirectJDKLog.java:173) - Starting ProtocolHandler ["http-nio-16666"]
2020-03-29 14:52:56,392:INFO main (TomcatWebServer.java:202) - Tomcat started on port(s): 16666 (http) with context path ''
2020-03-29 14:52:56,396:INFO main (StartupInfoLogger.java:59) - Started PocketmedicalApplication in 2.338 seconds (JVM running for 3.259)
2020-03-29 14:52:59,439:INFO Thread-4 (ExecutorConfigurationSupport.java:208) - Shutting down ExecutorService 'applicationTaskExecutor'
2020-03-29 15:28:27,858:INFO main (StartupInfoLogger.java:50) - Starting PocketmedicalApplication on zdh with PID 87055 (/Users/hunter/IdeaProjects/pocketmedical/target/classes started by hunter in /Users/hunter/IdeaProjects/pocketmedical)
2020-03-29 15:28:27,863:INFO main (SpringApplication.java:652) - The following profiles are active: local
2020-03-29 15:28:28,392:WARN main (ClassPathMapperScanner.java:166) - No MyBatis mapper was found in '[com.usongon.pocketmedical.config, com.usongon.pocketmedical]' package. Please check your configuration.
2020-03-29 15:28:28,644:INFO main (PostProcessorRegistrationDelegate.java:330) - Bean 'org.springframework.transaction.annotation.ProxyTransactionManagementConfiguration' of type [org.springframework.transaction.annotation.ProxyTransactionManagementConfiguration$$EnhancerBySpringCGLIB$$b1ff86f5] is not eligible for getting processed by all BeanPostProcessors (for example: not eligible for auto-proxying)
2020-03-29 15:28:28,871:INFO main (TomcatWebServer.java:90) - Tomcat initialized with port(s): 12477 (http)
2020-03-29 15:28:28,882:INFO main (DirectJDKLog.java:173) - Initializing ProtocolHandler ["http-nio-12477"]
2020-03-29 15:28:28,889:INFO main (DirectJDKLog.java:173) - Starting service [Tomcat]
2020-03-29 15:28:28,890:INFO main (DirectJDKLog.java:173) - Starting Servlet engine: [Apache Tomcat/9.0.26]
2020-03-29 15:28:28,963:INFO main (DirectJDKLog.java:173) - Initializing Spring embedded WebApplicationContext
2020-03-29 15:28:28,963:INFO main (ServletWebServerApplicationContext.java:284) - Root WebApplicationContext: initialization completed in 1068 ms
2020-03-29 15:28:29,248:WARN main (AbstractApplicationContext.java:557) - Exception encountered during context initialization - cancelling refresh attempt: org.springframework.beans.factory.BeanCreationException: Error creating bean with name 'doctorController': Injection of resource dependencies failed; nested exception is org.springframework.beans.factory.BeanCreationException: Error creating bean with name 'doctorServiceImpl': Injection of resource dependencies failed; nested exception is org.springframework.beans.factory.NoSuchBeanDefinitionException: No qualifying bean of type 'com.usongon.pocketmedical.dao.DoctorMapper' available: expected at least 1 bean which qualifies as autowire candidate. Dependency annotations: {@javax.annotation.Resource(shareable=true, lookup=, name=, description=, authenticationType=CONTAINER, type=class java.lang.Object, mappedName=)}
2020-03-29 15:28:29,371:INFO main (DirectJDKLog.java:173) - Stopping service [Tomcat]
2020-03-29 15:28:29,393:INFO main (ConditionEvaluationReportLoggingListener.java:136) - 

Error starting ApplicationContext. To display the conditions report re-run your application with 'debug' enabled.
2020-03-29 15:28:29,495:ERROR main (LoggingFailureAnalysisReporter.java:40) - 

***************************
APPLICATION FAILED TO START
***************************

Description:

A component required a bean of type 'com.usongon.pocketmedical.dao.DoctorMapper' that could not be found.


Action:

Consider defining a bean of type 'com.usongon.pocketmedical.dao.DoctorMapper' in your configuration.

2020-03-29 15:29:06,816:INFO main (StartupInfoLogger.java:50) - Starting PocketmedicalApplication on zdh with PID 87191 (/Users/hunter/IdeaProjects/pocketmedical/target/classes started by hunter in /Users/hunter/IdeaProjects/pocketmedical)
2020-03-29 15:29:06,822:INFO main (SpringApplication.java:652) - The following profiles are active: local
2020-03-29 15:29:07,508:INFO main (PostProcessorRegistrationDelegate.java:330) - Bean 'org.springframework.transaction.annotation.ProxyTransactionManagementConfiguration' of type [org.springframework.transaction.annotation.ProxyTransactionManagementConfiguration$$EnhancerBySpringCGLIB$$9bfef87e] is not eligible for getting processed by all BeanPostProcessors (for example: not eligible for auto-proxying)
2020-03-29 15:29:07,690:INFO main (TomcatWebServer.java:90) - Tomcat initialized with port(s): 12477 (http)
2020-03-29 15:29:07,699:INFO main (DirectJDKLog.java:173) - Initializing ProtocolHandler ["http-nio-12477"]
2020-03-29 15:29:07,705:INFO main (DirectJDKLog.java:173) - Starting service [Tomcat]
2020-03-29 15:29:07,705:INFO main (DirectJDKLog.java:173) - Starting Servlet engine: [Apache Tomcat/9.0.26]
2020-03-29 15:29:07,768:INFO main (DirectJDKLog.java:173) - Initializing Spring embedded WebApplicationContext
2020-03-29 15:29:07,769:INFO main (ServletWebServerApplicationContext.java:284) - Root WebApplicationContext: initialization completed in 908 ms
2020-03-29 15:29:08,393:INFO main (ExecutorConfigurationSupport.java:171) - Initializing ExecutorService 'applicationTaskExecutor'
2020-03-29 15:29:08,650:INFO main (DirectJDKLog.java:173) - Starting ProtocolHandler ["http-nio-12477"]
2020-03-29 15:29:08,681:INFO main (TomcatWebServer.java:202) - Tomcat started on port(s): 12477 (http) with context path ''
2020-03-29 15:29:08,684:INFO main (StartupInfoLogger.java:59) - Started PocketmedicalApplication in 2.286 seconds (JVM running for 2.855)
2020-03-29 15:31:45,773:INFO http-nio-12477-exec-2 (DirectJDKLog.java:173) - Initializing Spring DispatcherServlet 'dispatcherServlet'
2020-03-29 15:31:45,773:INFO http-nio-12477-exec-2 (FrameworkServlet.java:525) - Initializing Servlet 'dispatcherServlet'
2020-03-29 15:31:45,780:INFO http-nio-12477-exec-2 (FrameworkServlet.java:547) - Completed initialization in 7 ms
2020-03-29 15:32:26,283:INFO Thread-4 (ExecutorConfigurationSupport.java:208) - Shutting down ExecutorService 'applicationTaskExecutor'
2020-03-29 15:32:31,323:INFO main (StartupInfoLogger.java:50) - Starting PocketmedicalApplication on zdh with PID 87811 (/Users/hunter/IdeaProjects/pocketmedical/target/classes started by hunter in /Users/hunter/IdeaProjects/pocketmedical)
2020-03-29 15:32:31,327:INFO main (SpringApplication.java:652) - The following profiles are active: local
2020-03-29 15:32:31,996:INFO main (PostProcessorRegistrationDelegate.java:330) - Bean 'org.springframework.transaction.annotation.ProxyTransactionManagementConfiguration' of type [org.springframework.transaction.annotation.ProxyTransactionManagementConfiguration$$EnhancerBySpringCGLIB$$3356dd18] is not eligible for getting processed by all BeanPostProcessors (for example: not eligible for auto-proxying)
2020-03-29 15:32:32,181:INFO main (TomcatWebServer.java:90) - Tomcat initialized with port(s): 12477 (http)
2020-03-29 15:32:32,191:INFO main (DirectJDKLog.java:173) - Initializing ProtocolHandler ["http-nio-12477"]
2020-03-29 15:32:32,198:INFO main (DirectJDKLog.java:173) - Starting service [Tomcat]
2020-03-29 15:32:32,198:INFO main (DirectJDKLog.java:173) - Starting Servlet engine: [Apache Tomcat/9.0.26]
2020-03-29 15:32:32,266:INFO main (DirectJDKLog.java:173) - Initializing Spring embedded WebApplicationContext
2020-03-29 15:32:32,266:INFO main (ServletWebServerApplicationContext.java:284) - Root WebApplicationContext: initialization completed in 912 ms
2020-03-29 15:32:32,863:INFO main (ExecutorConfigurationSupport.java:171) - Initializing ExecutorService 'applicationTaskExecutor'
2020-03-29 15:32:33,068:INFO main (DirectJDKLog.java:173) - Starting ProtocolHandler ["http-nio-12477"]
2020-03-29 15:32:33,095:INFO main (TomcatWebServer.java:202) - Tomcat started on port(s): 12477 (http) with context path ''
2020-03-29 15:32:33,099:INFO main (StartupInfoLogger.java:59) - Started PocketmedicalApplication in 2.118 seconds (JVM running for 2.719)
2020-03-29 15:32:39,489:INFO http-nio-12477-exec-1 (DirectJDKLog.java:173) - Initializing Spring DispatcherServlet 'dispatcherServlet'
2020-03-29 15:32:39,490:INFO http-nio-12477-exec-1 (FrameworkServlet.java:525) - Initializing Servlet 'dispatcherServlet'
2020-03-29 15:32:39,496:INFO http-nio-12477-exec-1 (FrameworkServlet.java:547) - Completed initialization in 6 ms
2020-03-29 15:32:52,043:INFO Thread-4 (ExecutorConfigurationSupport.java:208) - Shutting down ExecutorService 'applicationTaskExecutor'
2020-03-29 15:32:56,894:INFO main (StartupInfoLogger.java:50) - Starting PocketmedicalApplication on zdh with PID 87903 (/Users/hunter/IdeaProjects/pocketmedical/target/classes started by hunter in /Users/hunter/IdeaProjects/pocketmedical)
2020-03-29 15:32:56,900:INFO main (SpringApplication.java:652) - The following profiles are active: local
2020-03-29 15:32:57,658:INFO main (PostProcessorRegistrationDelegate.java:330) - Bean 'org.springframework.transaction.annotation.ProxyTransactionManagementConfiguration' of type [org.springframework.transaction.annotation.ProxyTransactionManagementConfiguration$$EnhancerBySpringCGLIB$$55337409] is not eligible for getting processed by all BeanPostProcessors (for example: not eligible for auto-proxying)
2020-03-29 15:32:57,838:INFO main (TomcatWebServer.java:90) - Tomcat initialized with port(s): 12477 (http)
2020-03-29 15:32:57,849:INFO main (DirectJDKLog.java:173) - Initializing ProtocolHandler ["http-nio-12477"]
2020-03-29 15:32:57,856:INFO main (DirectJDKLog.java:173) - Starting service [Tomcat]
2020-03-29 15:32:57,856:INFO main (DirectJDKLog.java:173) - Starting Servlet engine: [Apache Tomcat/9.0.26]
2020-03-29 15:32:57,928:INFO main (DirectJDKLog.java:173) - Initializing Spring embedded WebApplicationContext
2020-03-29 15:32:57,928:INFO main (ServletWebServerApplicationContext.java:284) - Root WebApplicationContext: initialization completed in 977 ms
2020-03-29 15:32:58,518:INFO main (ExecutorConfigurationSupport.java:171) - Initializing ExecutorService 'applicationTaskExecutor'
2020-03-29 15:32:58,728:INFO main (DirectJDKLog.java:173) - Starting ProtocolHandler ["http-nio-12477"]
2020-03-29 15:32:58,753:INFO main (TomcatWebServer.java:202) - Tomcat started on port(s): 12477 (http) with context path ''
2020-03-29 15:32:58,756:INFO main (StartupInfoLogger.java:59) - Started PocketmedicalApplication in 2.311 seconds (JVM running for 2.905)
2020-03-29 15:33:01,348:INFO http-nio-12477-exec-2 (DirectJDKLog.java:173) - Initializing Spring DispatcherServlet 'dispatcherServlet'
2020-03-29 15:33:01,349:INFO http-nio-12477-exec-2 (FrameworkServlet.java:525) - Initializing Servlet 'dispatcherServlet'
2020-03-29 15:33:01,355:INFO http-nio-12477-exec-2 (FrameworkServlet.java:547) - Completed initialization in 6 ms
2020-03-29 15:33:31,445:INFO Thread-4 (ExecutorConfigurationSupport.java:208) - Shutting down ExecutorService 'applicationTaskExecutor'
2020-03-29 15:33:36,183:INFO main (StartupInfoLogger.java:50) - Starting PocketmedicalApplication on zdh with PID 88024 (/Users/hunter/IdeaProjects/pocketmedical/target/classes started by hunter in /Users/hunter/IdeaProjects/pocketmedical)
2020-03-29 15:33:36,188:INFO main (SpringApplication.java:652) - The following profiles are active: local
2020-03-29 15:33:36,843:INFO main (PostProcessorRegistrationDelegate.java:330) - Bean 'org.springframework.transaction.annotation.ProxyTransactionManagementConfiguration' of type [org.springframework.transaction.annotation.ProxyTransactionManagementConfiguration$$EnhancerBySpringCGLIB$$5da3e674] is not eligible for getting processed by all BeanPostProcessors (for example: not eligible for auto-proxying)
2020-03-29 15:33:37,025:INFO main (TomcatWebServer.java:90) - Tomcat initialized with port(s): 12477 (http)
2020-03-29 15:33:37,034:INFO main (DirectJDKLog.java:173) - Initializing ProtocolHandler ["http-nio-12477"]
2020-03-29 15:33:37,041:INFO main (DirectJDKLog.java:173) - Starting service [Tomcat]
2020-03-29 15:33:37,041:INFO main (DirectJDKLog.java:173) - Starting Servlet engine: [Apache Tomcat/9.0.26]
2020-03-29 15:33:37,106:INFO main (DirectJDKLog.java:173) - Initializing Spring embedded WebApplicationContext
2020-03-29 15:33:37,106:INFO main (ServletWebServerApplicationContext.java:284) - Root WebApplicationContext: initialization completed in 894 ms
2020-03-29 15:33:37,621:INFO main (ExecutorConfigurationSupport.java:171) - Initializing ExecutorService 'applicationTaskExecutor'
2020-03-29 15:33:37,821:INFO main (DirectJDKLog.java:173) - Starting ProtocolHandler ["http-nio-12477"]
2020-03-29 15:33:37,847:INFO main (TomcatWebServer.java:202) - Tomcat started on port(s): 12477 (http) with context path ''
2020-03-29 15:33:37,851:INFO main (StartupInfoLogger.java:59) - Started PocketmedicalApplication in 2.003 seconds (JVM running for 2.542)
2020-03-29 15:33:52,008:INFO Thread-4 (ExecutorConfigurationSupport.java:208) - Shutting down ExecutorService 'applicationTaskExecutor'
2020-03-29 15:34:07,121:INFO main (StartupInfoLogger.java:50) - Starting PocketmedicalApplication on zdh with PID 88127 (/Users/hunter/IdeaProjects/pocketmedical/target/classes started by hunter in /Users/hunter/IdeaProjects/pocketmedical)
2020-03-29 15:34:07,127:INFO main (SpringApplication.java:652) - The following profiles are active: local
2020-03-29 15:34:07,781:INFO main (PostProcessorRegistrationDelegate.java:330) - Bean 'org.springframework.transaction.annotation.ProxyTransactionManagementConfiguration' of type [org.springframework.transaction.annotation.ProxyTransactionManagementConfiguration$$EnhancerBySpringCGLIB$$b5c29824] is not eligible for getting processed by all BeanPostProcessors (for example: not eligible for auto-proxying)
2020-03-29 15:34:07,963:INFO main (TomcatWebServer.java:90) - Tomcat initialized with port(s): 12477 (http)
2020-03-29 15:34:07,972:INFO main (DirectJDKLog.java:173) - Initializing ProtocolHandler ["http-nio-12477"]
2020-03-29 15:34:07,979:INFO main (DirectJDKLog.java:173) - Starting service [Tomcat]
2020-03-29 15:34:07,980:INFO main (DirectJDKLog.java:173) - Starting Servlet engine: [Apache Tomcat/9.0.26]
2020-03-29 15:34:08,047:INFO main (DirectJDKLog.java:173) - Initializing Spring embedded WebApplicationContext
2020-03-29 15:34:08,047:INFO main (ServletWebServerApplicationContext.java:284) - Root WebApplicationContext: initialization completed in 886 ms
2020-03-29 15:34:08,626:INFO main (ExecutorConfigurationSupport.java:171) - Initializing ExecutorService 'applicationTaskExecutor'
2020-03-29 15:34:08,831:INFO main (DirectJDKLog.java:173) - Starting ProtocolHandler ["http-nio-12477"]
2020-03-29 15:34:08,859:INFO main (TomcatWebServer.java:202) - Tomcat started on port(s): 12477 (http) with context path ''
2020-03-29 15:34:08,863:INFO main (StartupInfoLogger.java:59) - Started PocketmedicalApplication in 2.144 seconds (JVM running for 2.765)
2020-03-29 15:34:15,916:INFO http-nio-12477-exec-2 (DirectJDKLog.java:173) - Initializing Spring DispatcherServlet 'dispatcherServlet'
2020-03-29 15:34:15,916:INFO http-nio-12477-exec-2 (FrameworkServlet.java:525) - Initializing Servlet 'dispatcherServlet'
2020-03-29 15:34:15,923:INFO http-nio-12477-exec-2 (FrameworkServlet.java:547) - Completed initialization in 7 ms
2020-03-29 15:34:16,049:INFO http-nio-12477-exec-2 (DruidDataSource.java:947) - {dataSource-1} inited
2020-03-29 15:34:16,540:ERROR http-nio-12477-exec-2 (GlobalExceptionHandler.java:23) - 
### Error updating database.  Cause: com.mysql.cj.jdbc.exceptions.MysqlDataTruncation: Data truncation: Data too long for column 'doc_password' at row 1
### The error may involve com.usongon.pocketmedical.dao.DoctorMapper.insert-Inline
### The error occurred while setting parameters
### SQL: insert into doctor (doc_id, department_id, doc_name,        doc_mobile, doc_password, doc_sex,        doc_age, doc_role, doc_state       )     values (?, ?, ?,        ?, ?, ?,        ?, ?, ?       )
### Cause: com.mysql.cj.jdbc.exceptions.MysqlDataTruncation: Data truncation: Data too long for column 'doc_password' at row 1
; Data truncation: Data too long for column 'doc_password' at row 1; nested exception is com.mysql.cj.jdbc.exceptions.MysqlDataTruncation: Data truncation: Data too long for column 'doc_password' at row 1
org.springframework.dao.DataIntegrityViolationException: 
### Error updating database.  Cause: com.mysql.cj.jdbc.exceptions.MysqlDataTruncation: Data truncation: Data too long for column 'doc_password' at row 1
### The error may involve com.usongon.pocketmedical.dao.DoctorMapper.insert-Inline
### The error occurred while setting parameters
### SQL: insert into doctor (doc_id, department_id, doc_name,        doc_mobile, doc_password, doc_sex,        doc_age, doc_role, doc_state       )     values (?, ?, ?,        ?, ?, ?,        ?, ?, ?       )
### Cause: com.mysql.cj.jdbc.exceptions.MysqlDataTruncation: Data truncation: Data too long for column 'doc_password' at row 1
; Data truncation: Data too long for column 'doc_password' at row 1; nested exception is com.mysql.cj.jdbc.exceptions.MysqlDataTruncation: Data truncation: Data too long for column 'doc_password' at row 1
	at org.springframework.jdbc.support.SQLStateSQLExceptionTranslator.doTranslate(SQLStateSQLExceptionTranslator.java:104) ~[spring-jdbc-5.1.10.RELEASE.jar:5.1.10.RELEASE]
	at org.springframework.jdbc.support.AbstractFallbackSQLExceptionTranslator.translate(AbstractFallbackSQLExceptionTranslator.java:72) ~[spring-jdbc-5.1.10.RELEASE.jar:5.1.10.RELEASE]
	at org.springframework.jdbc.support.AbstractFallbackSQLExceptionTranslator.translate(AbstractFallbackSQLExceptionTranslator.java:81) ~[spring-jdbc-5.1.10.RELEASE.jar:5.1.10.RELEASE]
	at org.springframework.jdbc.support.AbstractFallbackSQLExceptionTranslator.translate(AbstractFallbackSQLExceptionTranslator.java:81) ~[spring-jdbc-5.1.10.RELEASE.jar:5.1.10.RELEASE]
	at org.mybatis.spring.MyBatisExceptionTranslator.translateExceptionIfPossible(MyBatisExceptionTranslator.java:73) ~[mybatis-spring-1.3.2.jar:1.3.2]
	at org.mybatis.spring.SqlSessionTemplate$SqlSessionInterceptor.invoke(SqlSessionTemplate.java:446) ~[mybatis-spring-1.3.2.jar:1.3.2]
	at com.sun.proxy.$Proxy72.insert(Unknown Source) ~[?:?]
	at org.mybatis.spring.SqlSessionTemplate.insert(SqlSessionTemplate.java:278) ~[mybatis-spring-1.3.2.jar:1.3.2]
	at org.apache.ibatis.binding.MapperMethod.execute(MapperMethod.java:58) ~[mybatis-3.4.6.jar:3.4.6]
	at org.apache.ibatis.binding.MapperProxy.invoke(MapperProxy.java:59) ~[mybatis-3.4.6.jar:3.4.6]
	at com.sun.proxy.$Proxy73.insert(Unknown Source) ~[?:?]
	at com.usongon.pocketmedical.service.impl.DoctorServiceImpl.insert(DoctorServiceImpl.java:35) ~[classes/:?]
	at com.usongon.pocketmedical.controller.DoctorController.registerDoc(DoctorController.java:30) ~[classes/:?]
	at sun.reflect.NativeMethodAccessorImpl.invoke0(Native Method) ~[?:1.8.0_221]
	at sun.reflect.NativeMethodAccessorImpl.invoke(NativeMethodAccessorImpl.java:62) ~[?:1.8.0_221]
	at sun.reflect.DelegatingMethodAccessorImpl.invoke(DelegatingMethodAccessorImpl.java:43) ~[?:1.8.0_221]
	at java.lang.reflect.Method.invoke(Method.java:498) ~[?:1.8.0_221]
	at org.springframework.web.method.support.InvocableHandlerMethod.doInvoke(InvocableHandlerMethod.java:190) ~[spring-web-5.1.10.RELEASE.jar:5.1.10.RELEASE]
	at org.springframework.web.method.support.InvocableHandlerMethod.invokeForRequest(InvocableHandlerMethod.java:138) ~[spring-web-5.1.10.RELEASE.jar:5.1.10.RELEASE]
	at org.springframework.web.servlet.mvc.method.annotation.ServletInvocableHandlerMethod.invokeAndHandle(ServletInvocableHandlerMethod.java:105) ~[spring-webmvc-5.1.10.RELEASE.jar:5.1.10.RELEASE]
	at org.springframework.web.servlet.mvc.method.annotation.RequestMappingHandlerAdapter.invokeHandlerMethod(RequestMappingHandlerAdapter.java:893) ~[spring-webmvc-5.1.10.RELEASE.jar:5.1.10.RELEASE]
	at org.springframework.web.servlet.mvc.method.annotation.RequestMappingHandlerAdapter.handleInternal(RequestMappingHandlerAdapter.java:798) ~[spring-webmvc-5.1.10.RELEASE.jar:5.1.10.RELEASE]
	at org.springframework.web.servlet.mvc.method.AbstractHandlerMethodAdapter.handle(AbstractHandlerMethodAdapter.java:87) ~[spring-webmvc-5.1.10.RELEASE.jar:5.1.10.RELEASE]
	at org.springframework.web.servlet.DispatcherServlet.doDispatch(DispatcherServlet.java:1040) [spring-webmvc-5.1.10.RELEASE.jar:5.1.10.RELEASE]
	at org.springframework.web.servlet.DispatcherServlet.doService(DispatcherServlet.java:943) [spring-webmvc-5.1.10.RELEASE.jar:5.1.10.RELEASE]
	at org.springframework.web.servlet.FrameworkServlet.processRequest(FrameworkServlet.java:1006) [spring-webmvc-5.1.10.RELEASE.jar:5.1.10.RELEASE]
	at org.springframework.web.servlet.FrameworkServlet.doPost(FrameworkServlet.java:909) [spring-webmvc-5.1.10.RELEASE.jar:5.1.10.RELEASE]
	at javax.servlet.http.HttpServlet.service(HttpServlet.java:660) [tomcat-embed-core-9.0.26.jar:9.0.26]
	at org.springframework.web.servlet.FrameworkServlet.service(FrameworkServlet.java:883) [spring-webmvc-5.1.10.RELEASE.jar:5.1.10.RELEASE]
	at javax.servlet.http.HttpServlet.service(HttpServlet.java:741) [tomcat-embed-core-9.0.26.jar:9.0.26]
	at org.apache.catalina.core.ApplicationFilterChain.internalDoFilter(ApplicationFilterChain.java:231) [tomcat-embed-core-9.0.26.jar:9.0.26]
	at org.apache.catalina.core.ApplicationFilterChain.doFilter(ApplicationFilterChain.java:166) [tomcat-embed-core-9.0.26.jar:9.0.26]
	at org.apache.tomcat.websocket.server.WsFilter.doFilter(WsFilter.java:53) [tomcat-embed-websocket-9.0.26.jar:9.0.26]
	at org.apache.catalina.core.ApplicationFilterChain.internalDoFilter(ApplicationFilterChain.java:193) [tomcat-embed-core-9.0.26.jar:9.0.26]
	at org.apache.catalina.core.ApplicationFilterChain.doFilter(ApplicationFilterChain.java:166) [tomcat-embed-core-9.0.26.jar:9.0.26]
	at org.springframework.web.filter.RequestContextFilter.doFilterInternal(RequestContextFilter.java:100) [spring-web-5.1.10.RELEASE.jar:5.1.10.RELEASE]
	at org.springframework.web.filter.OncePerRequestFilter.doFilter(OncePerRequestFilter.java:119) [spring-web-5.1.10.RELEASE.jar:5.1.10.RELEASE]
	at org.apache.catalina.core.ApplicationFilterChain.internalDoFilter(ApplicationFilterChain.java:193) [tomcat-embed-core-9.0.26.jar:9.0.26]
	at org.apache.catalina.core.ApplicationFilterChain.doFilter(ApplicationFilterChain.java:166) [tomcat-embed-core-9.0.26.jar:9.0.26]
	at org.springframework.web.filter.FormContentFilter.doFilterInternal(FormContentFilter.java:93) [spring-web-5.1.10.RELEASE.jar:5.1.10.RELEASE]
	at org.springframework.web.filter.OncePerRequestFilter.doFilter(OncePerRequestFilter.java:119) [spring-web-5.1.10.RELEASE.jar:5.1.10.RELEASE]
	at org.apache.catalina.core.ApplicationFilterChain.internalDoFilter(ApplicationFilterChain.java:193) [tomcat-embed-core-9.0.26.jar:9.0.26]
	at org.apache.catalina.core.ApplicationFilterChain.doFilter(ApplicationFilterChain.java:166) [tomcat-embed-core-9.0.26.jar:9.0.26]
	at org.springframework.web.filter.HiddenHttpMethodFilter.doFilterInternal(HiddenHttpMethodFilter.java:94) [spring-web-5.1.10.RELEASE.jar:5.1.10.RELEASE]
	at org.springframework.web.filter.OncePerRequestFilter.doFilter(OncePerRequestFilter.java:119) [spring-web-5.1.10.RELEASE.jar:5.1.10.RELEASE]
	at org.apache.catalina.core.ApplicationFilterChain.internalDoFilter(ApplicationFilterChain.java:193) [tomcat-embed-core-9.0.26.jar:9.0.26]
	at org.apache.catalina.core.ApplicationFilterChain.doFilter(ApplicationFilterChain.java:166) [tomcat-embed-core-9.0.26.jar:9.0.26]
	at org.springframework.web.filter.CharacterEncodingFilter.doFilterInternal(CharacterEncodingFilter.java:201) [spring-web-5.1.10.RELEASE.jar:5.1.10.RELEASE]
	at org.springframework.web.filter.OncePerRequestFilter.doFilter(OncePerRequestFilter.java:119) [spring-web-5.1.10.RELEASE.jar:5.1.10.RELEASE]
	at org.apache.catalina.core.ApplicationFilterChain.internalDoFilter(ApplicationFilterChain.java:193) [tomcat-embed-core-9.0.26.jar:9.0.26]
	at org.apache.catalina.core.ApplicationFilterChain.doFilter(ApplicationFilterChain.java:166) [tomcat-embed-core-9.0.26.jar:9.0.26]
	at org.apache.catalina.core.StandardWrapperValve.invoke(StandardWrapperValve.java:202) [tomcat-embed-core-9.0.26.jar:9.0.26]
	at org.apache.catalina.core.StandardContextValve.invoke(StandardContextValve.java:96) [tomcat-embed-core-9.0.26.jar:9.0.26]
	at org.apache.catalina.authenticator.AuthenticatorBase.invoke(AuthenticatorBase.java:526) [tomcat-embed-core-9.0.26.jar:9.0.26]
	at org.apache.catalina.core.StandardHostValve.invoke(StandardHostValve.java:139) [tomcat-embed-core-9.0.26.jar:9.0.26]
	at org.apache.catalina.valves.ErrorReportValve.invoke(ErrorReportValve.java:92) [tomcat-embed-core-9.0.26.jar:9.0.26]
	at org.apache.catalina.core.StandardEngineValve.invoke(StandardEngineValve.java:74) [tomcat-embed-core-9.0.26.jar:9.0.26]
	at org.apache.catalina.connector.CoyoteAdapter.service(CoyoteAdapter.java:343) [tomcat-embed-core-9.0.26.jar:9.0.26]
	at org.apache.coyote.http11.Http11Processor.service(Http11Processor.java:408) [tomcat-embed-core-9.0.26.jar:9.0.26]
	at org.apache.coyote.AbstractProcessorLight.process(AbstractProcessorLight.java:66) [tomcat-embed-core-9.0.26.jar:9.0.26]
	at org.apache.coyote.AbstractProtocol$ConnectionHandler.process(AbstractProtocol.java:860) [tomcat-embed-core-9.0.26.jar:9.0.26]
	at org.apache.tomcat.util.net.NioEndpoint$SocketProcessor.doRun(NioEndpoint.java:1589) [tomcat-embed-core-9.0.26.jar:9.0.26]
	at org.apache.tomcat.util.net.SocketProcessorBase.run(SocketProcessorBase.java:49) [tomcat-embed-core-9.0.26.jar:9.0.26]
	at java.util.concurrent.ThreadPoolExecutor.runWorker(ThreadPoolExecutor.java:1149) [?:1.8.0_221]
	at java.util.concurrent.ThreadPoolExecutor$Worker.run(ThreadPoolExecutor.java:624) [?:1.8.0_221]
	at org.apache.tomcat.util.threads.TaskThread$WrappingRunnable.run(TaskThread.java:61) [tomcat-embed-core-9.0.26.jar:9.0.26]
	at java.lang.Thread.run(Thread.java:748) [?:1.8.0_221]
Caused by: com.mysql.cj.jdbc.exceptions.MysqlDataTruncation: Data truncation: Data too long for column 'doc_password' at row 1
	at com.mysql.cj.jdbc.exceptions.SQLExceptionsMapping.translateException(SQLExceptionsMapping.java:104) ~[mysql-connector-java-8.0.13.jar:8.0.13]
	at com.mysql.cj.jdbc.ClientPreparedStatement.executeInternal(ClientPreparedStatement.java:974) ~[mysql-connector-java-8.0.13.jar:8.0.13]
	at com.mysql.cj.jdbc.ClientPreparedStatement.execute(ClientPreparedStatement.java:391) ~[mysql-connector-java-8.0.13.jar:8.0.13]
	at com.alibaba.druid.pool.DruidPooledPreparedStatement.execute(DruidPooledPreparedStatement.java:498) ~[druid-1.1.12.jar:1.1.12]
	at org.apache.ibatis.executor.statement.PreparedStatementHandler.update(PreparedStatementHandler.java:46) ~[mybatis-3.4.6.jar:3.4.6]
	at org.apache.ibatis.executor.statement.RoutingStatementHandler.update(RoutingStatementHandler.java:74) ~[mybatis-3.4.6.jar:3.4.6]
	at org.apache.ibatis.executor.SimpleExecutor.doUpdate(SimpleExecutor.java:50) ~[mybatis-3.4.6.jar:3.4.6]
	at org.apache.ibatis.executor.BaseExecutor.update(BaseExecutor.java:117) ~[mybatis-3.4.6.jar:3.4.6]
	at org.apache.ibatis.executor.CachingExecutor.update(CachingExecutor.java:76) ~[mybatis-3.4.6.jar:3.4.6]
	at sun.reflect.NativeMethodAccessorImpl.invoke0(Native Method) ~[?:1.8.0_221]
	at sun.reflect.NativeMethodAccessorImpl.invoke(NativeMethodAccessorImpl.java:62) ~[?:1.8.0_221]
	at sun.reflect.DelegatingMethodAccessorImpl.invoke(DelegatingMethodAccessorImpl.java:43) ~[?:1.8.0_221]
	at java.lang.reflect.Method.invoke(Method.java:498) ~[?:1.8.0_221]
	at org.apache.ibatis.plugin.Plugin.invoke(Plugin.java:63) ~[mybatis-3.4.6.jar:3.4.6]
	at com.sun.proxy.$Proxy92.update(Unknown Source) ~[?:?]
	at org.apache.ibatis.session.defaults.DefaultSqlSession.update(DefaultSqlSession.java:198) ~[mybatis-3.4.6.jar:3.4.6]
	at org.apache.ibatis.session.defaults.DefaultSqlSession.insert(DefaultSqlSession.java:185) ~[mybatis-3.4.6.jar:3.4.6]
	at sun.reflect.NativeMethodAccessorImpl.invoke0(Native Method) ~[?:1.8.0_221]
	at sun.reflect.NativeMethodAccessorImpl.invoke(NativeMethodAccessorImpl.java:62) ~[?:1.8.0_221]
	at sun.reflect.DelegatingMethodAccessorImpl.invoke(DelegatingMethodAccessorImpl.java:43) ~[?:1.8.0_221]
	at java.lang.reflect.Method.invoke(Method.java:498) ~[?:1.8.0_221]
	at org.mybatis.spring.SqlSessionTemplate$SqlSessionInterceptor.invoke(SqlSessionTemplate.java:433) ~[mybatis-spring-1.3.2.jar:1.3.2]
	... 61 more
2020-03-29 15:35:28,208:INFO Thread-4 (ExecutorConfigurationSupport.java:208) - Shutting down ExecutorService 'applicationTaskExecutor'
2020-03-29 15:35:28,336:INFO Thread-4 (DruidDataSource.java:1863) - {dataSource-1} closed
2020-03-29 15:35:31,496:INFO main (StartupInfoLogger.java:50) - Starting PocketmedicalApplication on zdh with PID 88382 (/Users/hunter/IdeaProjects/pocketmedical/target/classes started by hunter in /Users/hunter/IdeaProjects/pocketmedical)
2020-03-29 15:35:31,499:INFO main (SpringApplication.java:652) - The following profiles are active: local
2020-03-29 15:35:32,306:INFO main (PostProcessorRegistrationDelegate.java:330) - Bean 'org.springframework.transaction.annotation.ProxyTransactionManagementConfiguration' of type [org.springframework.transaction.annotation.ProxyTransactionManagementConfiguration$$EnhancerBySpringCGLIB$$56b247ed] is not eligible for getting processed by all BeanPostProcessors (for example: not eligible for auto-proxying)
2020-03-29 15:35:32,484:INFO main (TomcatWebServer.java:90) - Tomcat initialized with port(s): 12477 (http)
2020-03-29 15:35:32,503:INFO main (DirectJDKLog.java:173) - Initializing ProtocolHandler ["http-nio-12477"]
2020-03-29 15:35:32,510:INFO main (DirectJDKLog.java:173) - Starting service [Tomcat]
2020-03-29 15:35:32,511:INFO main (DirectJDKLog.java:173) - Starting Servlet engine: [Apache Tomcat/9.0.26]
2020-03-29 15:35:32,580:INFO main (DirectJDKLog.java:173) - Initializing Spring embedded WebApplicationContext
2020-03-29 15:35:32,581:INFO main (ServletWebServerApplicationContext.java:284) - Root WebApplicationContext: initialization completed in 1054 ms
2020-03-29 15:35:33,120:INFO main (ExecutorConfigurationSupport.java:171) - Initializing ExecutorService 'applicationTaskExecutor'
2020-03-29 15:35:33,322:INFO main (DirectJDKLog.java:173) - Starting ProtocolHandler ["http-nio-12477"]
2020-03-29 15:35:33,349:INFO main (TomcatWebServer.java:202) - Tomcat started on port(s): 12477 (http) with context path ''
2020-03-29 15:35:33,352:INFO main (StartupInfoLogger.java:59) - Started PocketmedicalApplication in 2.256 seconds (JVM running for 3.054)
2020-03-29 15:36:09,120:INFO http-nio-12477-exec-2 (DirectJDKLog.java:173) - Initializing Spring DispatcherServlet 'dispatcherServlet'
2020-03-29 15:36:09,120:INFO http-nio-12477-exec-2 (FrameworkServlet.java:525) - Initializing Servlet 'dispatcherServlet'
2020-03-29 15:36:09,128:INFO http-nio-12477-exec-2 (FrameworkServlet.java:547) - Completed initialization in 7 ms
2020-03-29 15:38:03,759:INFO Thread-4 (ExecutorConfigurationSupport.java:208) - Shutting down ExecutorService 'applicationTaskExecutor'
2020-03-29 15:38:07,880:INFO main (StartupInfoLogger.java:50) - Starting PocketmedicalApplication on zdh with PID 88877 (/Users/hunter/IdeaProjects/pocketmedical/target/classes started by hunter in /Users/hunter/IdeaProjects/pocketmedical)
2020-03-29 15:38:07,884:INFO main (SpringApplication.java:652) - The following profiles are active: local
2020-03-29 15:38:08,607:INFO main (PostProcessorRegistrationDelegate.java:330) - Bean 'org.springframework.transaction.annotation.ProxyTransactionManagementConfiguration' of type [org.springframework.transaction.annotation.ProxyTransactionManagementConfiguration$$EnhancerBySpringCGLIB$$cd33a70f] is not eligible for getting processed by all BeanPostProcessors (for example: not eligible for auto-proxying)
2020-03-29 15:38:08,787:INFO main (TomcatWebServer.java:90) - Tomcat initialized with port(s): 12477 (http)
2020-03-29 15:38:08,797:INFO main (DirectJDKLog.java:173) - Initializing ProtocolHandler ["http-nio-12477"]
2020-03-29 15:38:08,803:INFO main (DirectJDKLog.java:173) - Starting service [Tomcat]
2020-03-29 15:38:08,804:INFO main (DirectJDKLog.java:173) - Starting Servlet engine: [Apache Tomcat/9.0.26]
2020-03-29 15:38:08,872:INFO main (DirectJDKLog.java:173) - Initializing Spring embedded WebApplicationContext
2020-03-29 15:38:08,873:INFO main (ServletWebServerApplicationContext.java:284) - Root WebApplicationContext: initialization completed in 954 ms
2020-03-29 15:38:09,410:INFO main (ExecutorConfigurationSupport.java:171) - Initializing ExecutorService 'applicationTaskExecutor'
2020-03-29 15:38:09,616:INFO main (DirectJDKLog.java:173) - Starting ProtocolHandler ["http-nio-12477"]
2020-03-29 15:38:09,642:INFO main (TomcatWebServer.java:202) - Tomcat started on port(s): 12477 (http) with context path ''
2020-03-29 15:38:09,645:INFO main (StartupInfoLogger.java:59) - Started PocketmedicalApplication in 2.233 seconds (JVM running for 3.045)
2020-03-29 15:38:14,313:INFO http-nio-12477-exec-2 (DirectJDKLog.java:173) - Initializing Spring DispatcherServlet 'dispatcherServlet'
2020-03-29 15:38:14,314:INFO http-nio-12477-exec-2 (FrameworkServlet.java:525) - Initializing Servlet 'dispatcherServlet'
2020-03-29 15:38:14,319:INFO http-nio-12477-exec-2 (FrameworkServlet.java:547) - Completed initialization in 5 ms
2020-03-29 15:38:39,654:INFO http-nio-12477-exec-3 (DruidDataSource.java:947) - {dataSource-1} inited
2020-03-29 15:38:40,178:ERROR http-nio-12477-exec-3 (GlobalExceptionHandler.java:23) - 
### Error updating database.  Cause: java.sql.SQLIntegrityConstraintViolationException: Column 'department_id' cannot be null
### The error may involve com.usongon.pocketmedical.dao.DoctorMapper.insert-Inline
### The error occurred while setting parameters
### SQL: insert into doctor (doc_id, department_id, doc_name,        doc_mobile, doc_password, doc_sex,        doc_age, doc_role, doc_state       )     values (?, ?, ?,        ?, ?, ?,        ?, ?, ?       )
### Cause: java.sql.SQLIntegrityConstraintViolationException: Column 'department_id' cannot be null
; Column 'department_id' cannot be null; nested exception is java.sql.SQLIntegrityConstraintViolationException: Column 'department_id' cannot be null
org.springframework.dao.DataIntegrityViolationException: 
### Error updating database.  Cause: java.sql.SQLIntegrityConstraintViolationException: Column 'department_id' cannot be null
### The error may involve com.usongon.pocketmedical.dao.DoctorMapper.insert-Inline
### The error occurred while setting parameters
### SQL: insert into doctor (doc_id, department_id, doc_name,        doc_mobile, doc_password, doc_sex,        doc_age, doc_role, doc_state       )     values (?, ?, ?,        ?, ?, ?,        ?, ?, ?       )
### Cause: java.sql.SQLIntegrityConstraintViolationException: Column 'department_id' cannot be null
; Column 'department_id' cannot be null; nested exception is java.sql.SQLIntegrityConstraintViolationException: Column 'department_id' cannot be null
	at org.springframework.jdbc.support.SQLExceptionSubclassTranslator.doTranslate(SQLExceptionSubclassTranslator.java:87) ~[spring-jdbc-5.1.10.RELEASE.jar:5.1.10.RELEASE]
	at org.springframework.jdbc.support.AbstractFallbackSQLExceptionTranslator.translate(AbstractFallbackSQLExceptionTranslator.java:72) ~[spring-jdbc-5.1.10.RELEASE.jar:5.1.10.RELEASE]
	at org.springframework.jdbc.support.AbstractFallbackSQLExceptionTranslator.translate(AbstractFallbackSQLExceptionTranslator.java:81) ~[spring-jdbc-5.1.10.RELEASE.jar:5.1.10.RELEASE]
	at org.mybatis.spring.MyBatisExceptionTranslator.translateExceptionIfPossible(MyBatisExceptionTranslator.java:73) ~[mybatis-spring-1.3.2.jar:1.3.2]
	at org.mybatis.spring.SqlSessionTemplate$SqlSessionInterceptor.invoke(SqlSessionTemplate.java:446) ~[mybatis-spring-1.3.2.jar:1.3.2]
	at com.sun.proxy.$Proxy72.insert(Unknown Source) ~[?:?]
	at org.mybatis.spring.SqlSessionTemplate.insert(SqlSessionTemplate.java:278) ~[mybatis-spring-1.3.2.jar:1.3.2]
	at org.apache.ibatis.binding.MapperMethod.execute(MapperMethod.java:58) ~[mybatis-3.4.6.jar:3.4.6]
	at org.apache.ibatis.binding.MapperProxy.invoke(MapperProxy.java:59) ~[mybatis-3.4.6.jar:3.4.6]
	at com.sun.proxy.$Proxy73.insert(Unknown Source) ~[?:?]
	at com.usongon.pocketmedical.service.impl.DoctorServiceImpl.insert(DoctorServiceImpl.java:35) ~[classes/:?]
	at com.usongon.pocketmedical.controller.DoctorController.registerDoc(DoctorController.java:30) ~[classes/:?]
	at sun.reflect.NativeMethodAccessorImpl.invoke0(Native Method) ~[?:1.8.0_221]
	at sun.reflect.NativeMethodAccessorImpl.invoke(NativeMethodAccessorImpl.java:62) ~[?:1.8.0_221]
	at sun.reflect.DelegatingMethodAccessorImpl.invoke(DelegatingMethodAccessorImpl.java:43) ~[?:1.8.0_221]
	at java.lang.reflect.Method.invoke(Method.java:498) ~[?:1.8.0_221]
	at org.springframework.web.method.support.InvocableHandlerMethod.doInvoke(InvocableHandlerMethod.java:190) ~[spring-web-5.1.10.RELEASE.jar:5.1.10.RELEASE]
	at org.springframework.web.method.support.InvocableHandlerMethod.invokeForRequest(InvocableHandlerMethod.java:138) ~[spring-web-5.1.10.RELEASE.jar:5.1.10.RELEASE]
	at org.springframework.web.servlet.mvc.method.annotation.ServletInvocableHandlerMethod.invokeAndHandle(ServletInvocableHandlerMethod.java:105) ~[spring-webmvc-5.1.10.RELEASE.jar:5.1.10.RELEASE]
	at org.springframework.web.servlet.mvc.method.annotation.RequestMappingHandlerAdapter.invokeHandlerMethod(RequestMappingHandlerAdapter.java:893) ~[spring-webmvc-5.1.10.RELEASE.jar:5.1.10.RELEASE]
	at org.springframework.web.servlet.mvc.method.annotation.RequestMappingHandlerAdapter.handleInternal(RequestMappingHandlerAdapter.java:798) ~[spring-webmvc-5.1.10.RELEASE.jar:5.1.10.RELEASE]
	at org.springframework.web.servlet.mvc.method.AbstractHandlerMethodAdapter.handle(AbstractHandlerMethodAdapter.java:87) ~[spring-webmvc-5.1.10.RELEASE.jar:5.1.10.RELEASE]
	at org.springframework.web.servlet.DispatcherServlet.doDispatch(DispatcherServlet.java:1040) [spring-webmvc-5.1.10.RELEASE.jar:5.1.10.RELEASE]
	at org.springframework.web.servlet.DispatcherServlet.doService(DispatcherServlet.java:943) [spring-webmvc-5.1.10.RELEASE.jar:5.1.10.RELEASE]
	at org.springframework.web.servlet.FrameworkServlet.processRequest(FrameworkServlet.java:1006) [spring-webmvc-5.1.10.RELEASE.jar:5.1.10.RELEASE]
	at org.springframework.web.servlet.FrameworkServlet.doPost(FrameworkServlet.java:909) [spring-webmvc-5.1.10.RELEASE.jar:5.1.10.RELEASE]
	at javax.servlet.http.HttpServlet.service(HttpServlet.java:660) [tomcat-embed-core-9.0.26.jar:9.0.26]
	at org.springframework.web.servlet.FrameworkServlet.service(FrameworkServlet.java:883) [spring-webmvc-5.1.10.RELEASE.jar:5.1.10.RELEASE]
	at javax.servlet.http.HttpServlet.service(HttpServlet.java:741) [tomcat-embed-core-9.0.26.jar:9.0.26]
	at org.apache.catalina.core.ApplicationFilterChain.internalDoFilter(ApplicationFilterChain.java:231) [tomcat-embed-core-9.0.26.jar:9.0.26]
	at org.apache.catalina.core.ApplicationFilterChain.doFilter(ApplicationFilterChain.java:166) [tomcat-embed-core-9.0.26.jar:9.0.26]
	at org.apache.tomcat.websocket.server.WsFilter.doFilter(WsFilter.java:53) [tomcat-embed-websocket-9.0.26.jar:9.0.26]
	at org.apache.catalina.core.ApplicationFilterChain.internalDoFilter(ApplicationFilterChain.java:193) [tomcat-embed-core-9.0.26.jar:9.0.26]
	at org.apache.catalina.core.ApplicationFilterChain.doFilter(ApplicationFilterChain.java:166) [tomcat-embed-core-9.0.26.jar:9.0.26]
	at org.springframework.web.filter.RequestContextFilter.doFilterInternal(RequestContextFilter.java:100) [spring-web-5.1.10.RELEASE.jar:5.1.10.RELEASE]
	at org.springframework.web.filter.OncePerRequestFilter.doFilter(OncePerRequestFilter.java:119) [spring-web-5.1.10.RELEASE.jar:5.1.10.RELEASE]
	at org.apache.catalina.core.ApplicationFilterChain.internalDoFilter(ApplicationFilterChain.java:193) [tomcat-embed-core-9.0.26.jar:9.0.26]
	at org.apache.catalina.core.ApplicationFilterChain.doFilter(ApplicationFilterChain.java:166) [tomcat-embed-core-9.0.26.jar:9.0.26]
	at org.springframework.web.filter.FormContentFilter.doFilterInternal(FormContentFilter.java:93) [spring-web-5.1.10.RELEASE.jar:5.1.10.RELEASE]
	at org.springframework.web.filter.OncePerRequestFilter.doFilter(OncePerRequestFilter.java:119) [spring-web-5.1.10.RELEASE.jar:5.1.10.RELEASE]
	at org.apache.catalina.core.ApplicationFilterChain.internalDoFilter(ApplicationFilterChain.java:193) [tomcat-embed-core-9.0.26.jar:9.0.26]
	at org.apache.catalina.core.ApplicationFilterChain.doFilter(ApplicationFilterChain.java:166) [tomcat-embed-core-9.0.26.jar:9.0.26]
	at org.springframework.web.filter.HiddenHttpMethodFilter.doFilterInternal(HiddenHttpMethodFilter.java:94) [spring-web-5.1.10.RELEASE.jar:5.1.10.RELEASE]
	at org.springframework.web.filter.OncePerRequestFilter.doFilter(OncePerRequestFilter.java:119) [spring-web-5.1.10.RELEASE.jar:5.1.10.RELEASE]
	at org.apache.catalina.core.ApplicationFilterChain.internalDoFilter(ApplicationFilterChain.java:193) [tomcat-embed-core-9.0.26.jar:9.0.26]
	at org.apache.catalina.core.ApplicationFilterChain.doFilter(ApplicationFilterChain.java:166) [tomcat-embed-core-9.0.26.jar:9.0.26]
	at org.springframework.web.filter.CharacterEncodingFilter.doFilterInternal(CharacterEncodingFilter.java:201) [spring-web-5.1.10.RELEASE.jar:5.1.10.RELEASE]
	at org.springframework.web.filter.OncePerRequestFilter.doFilter(OncePerRequestFilter.java:119) [spring-web-5.1.10.RELEASE.jar:5.1.10.RELEASE]
	at org.apache.catalina.core.ApplicationFilterChain.internalDoFilter(ApplicationFilterChain.java:193) [tomcat-embed-core-9.0.26.jar:9.0.26]
	at org.apache.catalina.core.ApplicationFilterChain.doFilter(ApplicationFilterChain.java:166) [tomcat-embed-core-9.0.26.jar:9.0.26]
	at org.apache.catalina.core.StandardWrapperValve.invoke(StandardWrapperValve.java:202) [tomcat-embed-core-9.0.26.jar:9.0.26]
	at org.apache.catalina.core.StandardContextValve.invoke(StandardContextValve.java:96) [tomcat-embed-core-9.0.26.jar:9.0.26]
	at org.apache.catalina.authenticator.AuthenticatorBase.invoke(AuthenticatorBase.java:526) [tomcat-embed-core-9.0.26.jar:9.0.26]
	at org.apache.catalina.core.StandardHostValve.invoke(StandardHostValve.java:139) [tomcat-embed-core-9.0.26.jar:9.0.26]
	at org.apache.catalina.valves.ErrorReportValve.invoke(ErrorReportValve.java:92) [tomcat-embed-core-9.0.26.jar:9.0.26]
	at org.apache.catalina.core.StandardEngineValve.invoke(StandardEngineValve.java:74) [tomcat-embed-core-9.0.26.jar:9.0.26]
	at org.apache.catalina.connector.CoyoteAdapter.service(CoyoteAdapter.java:343) [tomcat-embed-core-9.0.26.jar:9.0.26]
	at org.apache.coyote.http11.Http11Processor.service(Http11Processor.java:408) [tomcat-embed-core-9.0.26.jar:9.0.26]
	at org.apache.coyote.AbstractProcessorLight.process(AbstractProcessorLight.java:66) [tomcat-embed-core-9.0.26.jar:9.0.26]
	at org.apache.coyote.AbstractProtocol$ConnectionHandler.process(AbstractProtocol.java:860) [tomcat-embed-core-9.0.26.jar:9.0.26]
	at org.apache.tomcat.util.net.NioEndpoint$SocketProcessor.doRun(NioEndpoint.java:1589) [tomcat-embed-core-9.0.26.jar:9.0.26]
	at org.apache.tomcat.util.net.SocketProcessorBase.run(SocketProcessorBase.java:49) [tomcat-embed-core-9.0.26.jar:9.0.26]
	at java.util.concurrent.ThreadPoolExecutor.runWorker(ThreadPoolExecutor.java:1149) [?:1.8.0_221]
	at java.util.concurrent.ThreadPoolExecutor$Worker.run(ThreadPoolExecutor.java:624) [?:1.8.0_221]
	at org.apache.tomcat.util.threads.TaskThread$WrappingRunnable.run(TaskThread.java:61) [tomcat-embed-core-9.0.26.jar:9.0.26]
	at java.lang.Thread.run(Thread.java:748) [?:1.8.0_221]
Caused by: java.sql.SQLIntegrityConstraintViolationException: Column 'department_id' cannot be null
	at com.mysql.cj.jdbc.exceptions.SQLError.createSQLException(SQLError.java:117) ~[mysql-connector-java-8.0.13.jar:8.0.13]
	at com.mysql.cj.jdbc.exceptions.SQLError.createSQLException(SQLError.java:97) ~[mysql-connector-java-8.0.13.jar:8.0.13]
	at com.mysql.cj.jdbc.exceptions.SQLExceptionsMapping.translateException(SQLExceptionsMapping.java:122) ~[mysql-connector-java-8.0.13.jar:8.0.13]
	at com.mysql.cj.jdbc.ClientPreparedStatement.executeInternal(ClientPreparedStatement.java:974) ~[mysql-connector-java-8.0.13.jar:8.0.13]
	at com.mysql.cj.jdbc.ClientPreparedStatement.execute(ClientPreparedStatement.java:391) ~[mysql-connector-java-8.0.13.jar:8.0.13]
	at com.alibaba.druid.pool.DruidPooledPreparedStatement.execute(DruidPooledPreparedStatement.java:498) ~[druid-1.1.12.jar:1.1.12]
	at org.apache.ibatis.executor.statement.PreparedStatementHandler.update(PreparedStatementHandler.java:46) ~[mybatis-3.4.6.jar:3.4.6]
	at org.apache.ibatis.executor.statement.RoutingStatementHandler.update(RoutingStatementHandler.java:74) ~[mybatis-3.4.6.jar:3.4.6]
	at org.apache.ibatis.executor.SimpleExecutor.doUpdate(SimpleExecutor.java:50) ~[mybatis-3.4.6.jar:3.4.6]
	at org.apache.ibatis.executor.BaseExecutor.update(BaseExecutor.java:117) ~[mybatis-3.4.6.jar:3.4.6]
	at org.apache.ibatis.executor.CachingExecutor.update(CachingExecutor.java:76) ~[mybatis-3.4.6.jar:3.4.6]
	at sun.reflect.NativeMethodAccessorImpl.invoke0(Native Method) ~[?:1.8.0_221]
	at sun.reflect.NativeMethodAccessorImpl.invoke(NativeMethodAccessorImpl.java:62) ~[?:1.8.0_221]
	at sun.reflect.DelegatingMethodAccessorImpl.invoke(DelegatingMethodAccessorImpl.java:43) ~[?:1.8.0_221]
	at java.lang.reflect.Method.invoke(Method.java:498) ~[?:1.8.0_221]
	at org.apache.ibatis.plugin.Plugin.invoke(Plugin.java:63) ~[mybatis-3.4.6.jar:3.4.6]
	at com.sun.proxy.$Proxy92.update(Unknown Source) ~[?:?]
	at org.apache.ibatis.session.defaults.DefaultSqlSession.update(DefaultSqlSession.java:198) ~[mybatis-3.4.6.jar:3.4.6]
	at org.apache.ibatis.session.defaults.DefaultSqlSession.insert(DefaultSqlSession.java:185) ~[mybatis-3.4.6.jar:3.4.6]
	at sun.reflect.NativeMethodAccessorImpl.invoke0(Native Method) ~[?:1.8.0_221]
	at sun.reflect.NativeMethodAccessorImpl.invoke(NativeMethodAccessorImpl.java:62) ~[?:1.8.0_221]
	at sun.reflect.DelegatingMethodAccessorImpl.invoke(DelegatingMethodAccessorImpl.java:43) ~[?:1.8.0_221]
	at java.lang.reflect.Method.invoke(Method.java:498) ~[?:1.8.0_221]
	at org.mybatis.spring.SqlSessionTemplate$SqlSessionInterceptor.invoke(SqlSessionTemplate.java:433) ~[mybatis-spring-1.3.2.jar:1.3.2]
	... 61 more
